{"numTotalTestSuites":29,"numPassedTestSuites":28,"numFailedTestSuites":1,"numPendingTestSuites":0,"numTotalTests":66,"numPassedTests":63,"numFailedTests":3,"numPendingTests":0,"numTodoTests":0,"startTime":1766721259833,"success":false,"testResults":[{"assertionResults":[],"startTime":1766721259833,"endTime":1766721259833,"status":"failed","message":"Failed to resolve import \"../App\" from \"src/App.test.tsx\". Does the file exist?","name":"/Users/giovanebarnes/dev/HelpingHand/apps/web/src/App.test.tsx"},{"assertionResults":[{"ancestorTitles":["","main.tsx"],"fullName":" main.tsx creates root and renders app with proper providers","status":"failed","title":"creates root and renders app with proper providers","duration":97,"failureMessages":["[vitest] No \"default\" export is defined on the \"react-dom/client\" mock. Did you forget to return it from \"vi.mock\"?\nIf you need to partially mock a module, you can use \"importOriginal\" helper inside:\n"],"location":{"line":7,"column":1}},{"ancestorTitles":["","main.tsx"],"fullName":" main.tsx calls getElementById with root","status":"failed","title":"calls getElementById with root","duration":0,"failureMessages":["[vitest] No \"default\" export is defined on the \"react-dom/client\" mock. Did you forget to return it from \"vi.mock\"?\nIf you need to partially mock a module, you can use \"importOriginal\" helper inside:\n"],"location":{"line":7,"column":1}}],"startTime":1766721261544,"endTime":1766721261641,"status":"failed","message":"","name":"/Users/giovanebarnes/dev/HelpingHand/apps/web/src/main.test.tsx"},{"assertionResults":[{"ancestorTitles":["","Dashboard Trial Status Features","Trial Status Card"],"fullName":" Dashboard Trial Status Features Trial Status Card displays trial status with days remaining","status":"passed","title":"displays trial status with days remaining","duration":34,"failureMessages":[]},{"ancestorTitles":["","Dashboard Trial Status Features","Trial Status Card"],"fullName":" Dashboard Trial Status Features Trial Status Card displays premium plan status for paid users","status":"passed","title":"displays premium plan status for paid users","duration":9,"failureMessages":[]},{"ancestorTitles":["","Dashboard Trial Status Features","Trial Status Card"],"fullName":" Dashboard Trial Status Features Trial Status Card displays free plan status for non-premium users","status":"passed","title":"displays free plan status for non-premium users","duration":15,"failureMessages":[]}],"startTime":1766721260665,"endTime":1766721260723,"status":"passed","message":"","name":"/Users/giovanebarnes/dev/HelpingHand/apps/web/src/__tests__/dashboard.test.tsx"},{"assertionResults":[{"ancestorTitles":["","ProviderDetail Premium Features","Premium Badges"],"fullName":" ProviderDetail Premium Features Premium Badges displays Trial badge for providers on trial","status":"passed","title":"displays Trial badge for providers on trial","duration":25,"failureMessages":[]},{"ancestorTitles":["","ProviderDetail Premium Features","Premium Badges"],"fullName":" ProviderDetail Premium Features Premium Badges displays Premium badge for paid premium providers","status":"passed","title":"displays Premium badge for paid premium providers","duration":8,"failureMessages":[]},{"ancestorTitles":["","ProviderDetail Premium Features","Premium Badges"],"fullName":" ProviderDetail Premium Features Premium Badges does not display premium badge for free providers","status":"passed","title":"does not display premium badge for free providers","duration":10,"failureMessages":[]},{"ancestorTitles":["","ProviderDetail Premium Features","Activity Guardrails"],"fullName":" ProviderDetail Premium Features Activity Guardrails displays \"Profile activity\" label instead of \"Last active\"","status":"passed","title":"displays \"Profile activity\" label instead of \"Last active\"","duration":7,"failureMessages":[]},{"ancestorTitles":["","ProviderDetail Premium Features","Activity Guardrails"],"fullName":" ProviderDetail Premium Features Activity Guardrails displays expectation copy above contact buttons","status":"passed","title":"displays expectation copy above contact buttons","duration":11,"failureMessages":[]}],"startTime":1766721260666,"endTime":1766721260727,"status":"passed","message":"","name":"/Users/giovanebarnes/dev/HelpingHand/apps/web/src/__tests__/provider-detail.test.tsx"},{"assertionResults":[{"ancestorTitles":["","Frontend Trust System Features","Provider Cards"],"fullName":" Frontend Trust System Features Provider Cards displays inactive badge for INACTIVE providers","status":"passed","title":"displays inactive badge for INACTIVE providers","duration":26,"failureMessages":[]},{"ancestorTitles":["","Frontend Trust System Features","Provider Cards"],"fullName":" Frontend Trust System Features Provider Cards does not display inactive badge for ACTIVE providers","status":"passed","title":"does not display inactive badge for ACTIVE providers","duration":7,"failureMessages":[]},{"ancestorTitles":["","Frontend Trust System Features","Provider Cards"],"fullName":" Frontend Trust System Features Provider Cards displays Trial badge for providers on trial","status":"passed","title":"displays Trial badge for providers on trial","duration":11,"failureMessages":[]},{"ancestorTitles":["","Frontend Trust System Features","Provider Cards"],"fullName":" Frontend Trust System Features Provider Cards displays Premium badge for paid premium providers","status":"passed","title":"displays Premium badge for paid premium providers","duration":6,"failureMessages":[]},{"ancestorTitles":["","Frontend Trust System Features","Provider Cards"],"fullName":" Frontend Trust System Features Provider Cards does not display premium badge for free providers","status":"passed","title":"does not display premium badge for free providers","duration":4,"failureMessages":[]},{"ancestorTitles":["","Frontend Trust System Features","Badge Component"],"fullName":" Frontend Trust System Features Badge Component renders secondary variant for inactive status","status":"passed","title":"renders secondary variant for inactive status","duration":1,"failureMessages":[]},{"ancestorTitles":["","Frontend Trust System Features","Badge Component"],"fullName":" Frontend Trust System Features Badge Component renders success variant for availability status","status":"passed","title":"renders success variant for availability status","duration":1,"failureMessages":[]},{"ancestorTitles":["","Frontend Trust System Features","Badge Component"],"fullName":" Frontend Trust System Features Badge Component renders success variant for premium badges","status":"passed","title":"renders success variant for premium badges","duration":1,"failureMessages":[]},{"ancestorTitles":["","Frontend Trust System Features","Badge Component"],"fullName":" Frontend Trust System Features Badge Component renders success variant for trial badges","status":"passed","title":"renders success variant for trial badges","duration":1,"failureMessages":[]},{"ancestorTitles":["","Frontend Trust System Features","Dashboard Trial Status"],"fullName":" Frontend Trust System Features Dashboard Trial Status displays trial status with days remaining","status":"passed","title":"displays trial status with days remaining","duration":1,"failureMessages":[]},{"ancestorTitles":["","Frontend Trust System Features","Dashboard Trial Status"],"fullName":" Frontend Trust System Features Dashboard Trial Status displays premium plan status for paid users","status":"passed","title":"displays premium plan status for paid users","duration":2,"failureMessages":[]},{"ancestorTitles":["","Frontend Trust System Features","Dashboard Trial Status"],"fullName":" Frontend Trust System Features Dashboard Trial Status displays free plan status for non-premium users","status":"passed","title":"displays free plan status for non-premium users","duration":6,"failureMessages":[]}],"startTime":1766721260667,"endTime":1766721260737,"status":"passed","message":"","name":"/Users/giovanebarnes/dev/HelpingHand/apps/web/src/__tests__/trust-system-frontend.test.tsx"},{"assertionResults":[{"ancestorTitles":["","Badge"],"fullName":" Badge renders with default info variant","status":"passed","title":"renders with default info variant","duration":18,"failureMessages":[]},{"ancestorTitles":["","Badge"],"fullName":" Badge renders with success variant","status":"passed","title":"renders with success variant","duration":2,"failureMessages":[]},{"ancestorTitles":["","Badge"],"fullName":" Badge renders with warning variant","status":"passed","title":"renders with warning variant","duration":1,"failureMessages":[]},{"ancestorTitles":["","Badge"],"fullName":" Badge renders with error variant","status":"passed","title":"renders with error variant","duration":1,"failureMessages":[]},{"ancestorTitles":["","Badge"],"fullName":" Badge renders with secondary variant","status":"passed","title":"renders with secondary variant","duration":1,"failureMessages":[]},{"ancestorTitles":["","Badge"],"fullName":" Badge applies custom className","status":"passed","title":"applies custom className","duration":5,"failureMessages":[]},{"ancestorTitles":["","Badge"],"fullName":" Badge has correct base classes","status":"passed","title":"has correct base classes","duration":2,"failureMessages":[]}],"startTime":1766721261528,"endTime":1766721261558,"status":"passed","message":"","name":"/Users/giovanebarnes/dev/HelpingHand/apps/web/src/components/Badge.test.tsx"},{"assertionResults":[{"ancestorTitles":["","Button"],"fullName":" Button renders as button with default props","status":"passed","title":"renders as button with default props","duration":97,"failureMessages":[]},{"ancestorTitles":["","Button"],"fullName":" Button renders with primary variant","status":"passed","title":"renders with primary variant","duration":32,"failureMessages":[]},{"ancestorTitles":["","Button"],"fullName":" Button renders with secondary variant","status":"passed","title":"renders with secondary variant","duration":25,"failureMessages":[]},{"ancestorTitles":["","Button"],"fullName":" Button renders with custom type","status":"passed","title":"renders with custom type","duration":43,"failureMessages":[]},{"ancestorTitles":["","Button"],"fullName":" Button renders as link when href is provided","status":"passed","title":"renders as link when href is provided","duration":45,"failureMessages":[]},{"ancestorTitles":["","Button"],"fullName":" Button calls onClick when button is clicked","status":"passed","title":"calls onClick when button is clicked","duration":39,"failureMessages":[]},{"ancestorTitles":["","Button"],"fullName":" Button applies custom className","status":"passed","title":"applies custom className","duration":17,"failureMessages":[]},{"ancestorTitles":["","Button"],"fullName":" Button has correct base classes","status":"passed","title":"has correct base classes","duration":22,"failureMessages":[]},{"ancestorTitles":["","Button"],"fullName":" Button renders children correctly","status":"passed","title":"renders children correctly","duration":2,"failureMessages":[]}],"startTime":1766721260665,"endTime":1766721260987,"status":"passed","message":"","name":"/Users/giovanebarnes/dev/HelpingHand/apps/web/src/components/Button.test.tsx"},{"assertionResults":[{"ancestorTitles":["","Card"],"fullName":" Card renders children correctly","status":"passed","title":"renders children correctly","duration":17,"failureMessages":[]},{"ancestorTitles":["","Card"],"fullName":" Card applies custom className","status":"passed","title":"applies custom className","duration":2,"failureMessages":[]}],"startTime":1766721261669,"endTime":1766721261688,"status":"passed","message":"","name":"/Users/giovanebarnes/dev/HelpingHand/apps/web/src/components/Card.test.tsx"},{"assertionResults":[{"ancestorTitles":["","Chip"],"fullName":" Chip renders with label","status":"passed","title":"renders with label","duration":18,"failureMessages":[]},{"ancestorTitles":["","Chip"],"fullName":" Chip has correct default classes","status":"passed","title":"has correct default classes","duration":2,"failureMessages":[]},{"ancestorTitles":["","Chip"],"fullName":" Chip applies custom className","status":"passed","title":"applies custom className","duration":3,"failureMessages":[]},{"ancestorTitles":["","Chip"],"fullName":" Chip renders different labels","status":"passed","title":"renders different labels","duration":6,"failureMessages":[]}],"startTime":1766721261671,"endTime":1766721261700,"status":"passed","message":"","name":"/Users/giovanebarnes/dev/HelpingHand/apps/web/src/components/Chip.test.tsx"},{"assertionResults":[{"ancestorTitles":["","AdminLogin"],"fullName":" AdminLogin renders login form with title","status":"passed","title":"renders login form with title","duration":133,"failureMessages":[]},{"ancestorTitles":["","AdminLogin"],"fullName":" AdminLogin updates password state when input changes","status":"passed","title":"updates password state when input changes","duration":6,"failureMessages":[]},{"ancestorTitles":["","AdminLogin"],"fullName":" AdminLogin submits form with correct data","status":"passed","title":"submits form with correct data","duration":113,"failureMessages":[]},{"ancestorTitles":["","AdminLogin"],"fullName":" AdminLogin navigates to admin providers on successful login","status":"passed","title":"navigates to admin providers on successful login","duration":89,"failureMessages":[]},{"ancestorTitles":["","AdminLogin"],"fullName":" AdminLogin shows error message on invalid password","status":"passed","title":"shows error message on invalid password","duration":34,"failureMessages":[]},{"ancestorTitles":["","AdminLogin"],"fullName":" AdminLogin shows error message on network failure","status":"passed","title":"shows error message on network failure","duration":41,"failureMessages":[]},{"ancestorTitles":["","AdminLogin"],"fullName":" AdminLogin prevents default form submission","status":"failed","title":"prevents default form submission","duration":41,"failureMessages":["expected \"spy\" to not be called at all, but actually been called 1 times\n\nReceived: \n\n  1st spy call:\n\n    Array [\n      SubmitEvent {\n        \"isTrusted\": true,\n      },\n    ]\n\n\nNumber of calls: 1\n"],"location":{"line":154,"column":29}},{"ancestorTitles":["","AdminLogin"],"fullName":" AdminLogin has correct input attributes","status":"passed","title":"has correct input attributes","duration":5,"failureMessages":[]}],"startTime":1766721260728,"endTime":1766721261190,"status":"failed","message":"","name":"/Users/giovanebarnes/dev/HelpingHand/apps/web/src/pages/AdminLogin.test.tsx"},{"assertionResults":[{"ancestorTitles":["","Home"],"fullName":" Home renders loading state initially","status":"passed","title":"renders loading state initially","duration":34,"failureMessages":[]},{"ancestorTitles":["","Home"],"fullName":" Home renders providers when data loads successfully","status":"passed","title":"renders providers when data loads successfully","duration":116,"failureMessages":[]},{"ancestorTitles":["","Home"],"fullName":" Home displays error message when API fails","status":"passed","title":"displays error message when API fails","duration":6,"failureMessages":[]},{"ancestorTitles":["","Home"],"fullName":" Home shows premium badge for premium providers","status":"passed","title":"shows premium badge for premium providers","duration":22,"failureMessages":[]},{"ancestorTitles":["","Home"],"fullName":" Home shows trial badge for trial providers","status":"passed","title":"shows trial badge for trial providers","duration":27,"failureMessages":[]},{"ancestorTitles":["","Home"],"fullName":" Home renders filter controls","status":"passed","title":"renders filter controls","duration":24,"failureMessages":[]}],"startTime":1766721260740,"endTime":1766721260969,"status":"passed","message":"","name":"/Users/giovanebarnes/dev/HelpingHand/apps/web/src/pages/Home.test.tsx"},{"assertionResults":[{"ancestorTitles":["","Join"],"fullName":" Join renders the join form with title","status":"passed","title":"renders the join form with title","duration":54,"failureMessages":[]},{"ancestorTitles":["","Join"],"fullName":" Join renders all required form fields","status":"passed","title":"renders all required form fields","duration":79,"failureMessages":[]},{"ancestorTitles":["","Join"],"fullName":" Join updates form state when inputs change","status":"passed","title":"updates form state when inputs change","duration":36,"failureMessages":[]},{"ancestorTitles":["","Join"],"fullName":" Join fetches areas when island is selected","status":"passed","title":"fetches areas when island is selected","duration":21,"failureMessages":[]},{"ancestorTitles":["","Join"],"fullName":" Join shows validation errors for required fields","status":"passed","title":"shows validation errors for required fields","duration":190,"failureMessages":[]},{"ancestorTitles":["","Join"],"fullName":" Join navigates to dashboard on successful submission","status":"passed","title":"navigates to dashboard on successful submission","duration":154,"failureMessages":[]},{"ancestorTitles":["","Join"],"fullName":" Join displays contact method checkboxes","status":"passed","title":"displays contact method checkboxes","duration":26,"failureMessages":[]},{"ancestorTitles":["","Join"],"fullName":" Join has submit button","status":"passed","title":"has submit button","duration":35,"failureMessages":[]}],"startTime":1766721260723,"endTime":1766721261318,"status":"passed","message":"","name":"/Users/giovanebarnes/dev/HelpingHand/apps/web/src/pages/Join.test.tsx"}]}
