TN:
SF:src/server.ts
FN:21,(anonymous_1)
FN:35,(anonymous_2)
FN:39,(anonymous_3)
FN:175,(anonymous_4)
FN:197,(anonymous_5)
FN:239,(anonymous_6)
FN:281,(anonymous_7)
FN:293,(anonymous_8)
FN:307,(anonymous_9)
FN:324,(anonymous_10)
FNF:10
FNH:1
FNDA:0,(anonymous_1)
FNDA:0,(anonymous_2)
FNDA:6,(anonymous_3)
FNDA:0,(anonymous_4)
FNDA:0,(anonymous_5)
FNDA:0,(anonymous_6)
FNDA:0,(anonymous_7)
FNDA:0,(anonymous_8)
FNDA:0,(anonymous_9)
FNDA:0,(anonymous_10)
DA:1,1
DA:2,1
DA:3,1
DA:4,1
DA:6,1
DA:8,1
DA:9,1
DA:11,1
DA:13,1
DA:14,1
DA:16,1
DA:17,1
DA:21,1
DA:22,0
DA:23,0
DA:24,0
DA:26,0
DA:29,1
DA:33,1
DA:35,1
DA:36,0
DA:39,1
DA:40,6
DA:41,6
DA:44,6
DA:45,6
DA:46,2
DA:47,2
DA:48,1
DA:50,1
DA:53,5
DA:54,5
DA:55,2
DA:56,2
DA:57,1
DA:59,1
DA:63,4
DA:81,4
DA:82,4
DA:84,4
DA:85,1
DA:86,1
DA:87,1
DA:90,4
DA:91,0
DA:92,0
DA:93,0
DA:96,4
DA:97,1
DA:102,1
DA:103,1
DA:106,4
DA:110,4
DA:112,4
DA:113,4
DA:114,4
DA:115,4
DA:116,4
DA:117,1
DA:118,1
DA:125,4
DA:126,4
DA:128,1
DA:129,1
DA:135,0
DA:136,0
DA:142,0
DA:143,0
DA:151,1
DA:152,1
DA:161,4
DA:170,0
DA:171,0
DA:175,1
DA:176,0
DA:177,0
DA:178,0
DA:186,0
DA:187,0
DA:188,0
DA:190,0
DA:192,0
DA:193,0
DA:197,1
DA:198,0
DA:199,0
DA:200,0
DA:201,0
DA:202,0
DA:203,0
DA:204,0
DA:205,0
DA:209,0
DA:211,0
DA:212,0
DA:213,0
DA:214,0
DA:218,0
DA:219,0
DA:220,0
DA:221,0
DA:225,0
DA:226,0
DA:228,0
DA:229,0
DA:231,0
DA:234,0
DA:235,0
DA:239,1
DA:240,0
DA:241,0
DA:242,0
DA:243,0
DA:244,0
DA:245,0
DA:246,0
DA:251,0
DA:252,0
DA:253,0
DA:254,0
DA:255,0
DA:259,0
DA:260,0
DA:261,0
DA:262,0
DA:263,0
DA:267,0
DA:268,0
DA:270,0
DA:271,0
DA:273,0
DA:276,0
DA:277,0
DA:281,1
DA:282,0
DA:283,0
DA:284,0
DA:285,0
DA:286,0
DA:288,0
DA:289,0
DA:293,1
DA:294,0
DA:295,0
DA:296,0
DA:300,0
DA:302,0
DA:303,0
DA:307,1
DA:308,0
DA:309,0
DA:315,0
DA:316,0
DA:318,0
DA:319,0
DA:323,1
DA:324,0
DA:325,0
LF:158
LH:66
BRDA:14,0,0,1
BRDA:14,0,1,1
BRDA:18,1,0,1
BRDA:18,1,1,0
BRDA:23,2,0,0
BRDA:45,3,0,2
BRDA:47,4,0,1
BRDA:47,5,0,2
BRDA:47,5,1,2
BRDA:54,6,0,2
BRDA:57,7,0,0
BRDA:57,8,0,1
BRDA:57,8,1,1
BRDA:57,8,2,1
BRDA:84,9,0,1
BRDA:90,10,0,0
BRDA:96,11,0,1
BRDA:116,12,0,1
BRDA:116,13,0,4
BRDA:116,13,1,1
BRDA:126,14,0,1
BRDA:128,15,0,1
BRDA:128,15,1,0
BRDA:135,16,0,0
BRDA:135,16,1,0
BRDA:142,17,0,0
BRDA:151,18,0,1
BRDA:165,19,0,1
BRDA:165,19,1,3
BRDA:187,20,0,0
BRDA:213,21,0,0
BRDA:220,22,0,0
BRDA:254,23,0,0
BRDA:262,24,0,0
BRDA:323,25,0,0
BRF:35
BRH:21
end_of_record
