TN:
SF:src/server.ts
FN:21,(anonymous_1)
FN:35,(anonymous_2)
FN:39,(anonymous_3)
FN:187,(anonymous_4)
FN:209,(anonymous_5)
FN:251,(anonymous_6)
FN:293,(anonymous_7)
FN:305,(anonymous_8)
FN:319,(anonymous_9)
FN:336,(anonymous_10)
FNF:10
FNH:1
FNDA:0,(anonymous_1)
FNDA:0,(anonymous_2)
FNDA:6,(anonymous_3)
FNDA:0,(anonymous_4)
FNDA:0,(anonymous_5)
FNDA:0,(anonymous_6)
FNDA:0,(anonymous_7)
FNDA:0,(anonymous_8)
FNDA:0,(anonymous_9)
FNDA:0,(anonymous_10)
DA:1,1
DA:2,1
DA:3,1
DA:4,1
DA:6,1
DA:8,1
DA:9,1
DA:11,1
DA:13,1
DA:14,1
DA:16,1
DA:17,1
DA:21,1
DA:22,0
DA:23,0
DA:24,0
DA:26,0
DA:29,1
DA:33,1
DA:35,1
DA:36,0
DA:39,1
DA:40,6
DA:41,6
DA:44,6
DA:45,6
DA:46,2
DA:47,2
DA:48,1
DA:50,1
DA:53,5
DA:54,5
DA:55,2
DA:56,2
DA:57,1
DA:59,1
DA:63,4
DA:81,4
DA:82,4
DA:84,4
DA:85,1
DA:86,1
DA:87,1
DA:90,4
DA:91,0
DA:92,0
DA:93,0
DA:96,4
DA:97,1
DA:100,4
DA:101,1
DA:106,1
DA:107,1
DA:110,4
DA:114,4
DA:116,4
DA:117,4
DA:118,4
DA:119,4
DA:120,4
DA:121,1
DA:122,1
DA:129,4
DA:130,4
DA:132,1
DA:133,1
DA:140,1
DA:141,1
DA:147,0
DA:148,0
DA:154,0
DA:155,0
DA:163,1
DA:164,1
DA:173,4
DA:182,0
DA:183,0
DA:187,1
DA:188,0
DA:189,0
DA:190,0
DA:198,0
DA:199,0
DA:200,0
DA:202,0
DA:204,0
DA:205,0
DA:209,1
DA:210,0
DA:211,0
DA:212,0
DA:213,0
DA:214,0
DA:215,0
DA:216,0
DA:217,0
DA:221,0
DA:223,0
DA:224,0
DA:225,0
DA:226,0
DA:230,0
DA:231,0
DA:232,0
DA:233,0
DA:237,0
DA:238,0
DA:240,0
DA:241,0
DA:243,0
DA:246,0
DA:247,0
DA:251,1
DA:252,0
DA:253,0
DA:254,0
DA:255,0
DA:256,0
DA:257,0
DA:258,0
DA:263,0
DA:264,0
DA:265,0
DA:266,0
DA:267,0
DA:271,0
DA:272,0
DA:273,0
DA:274,0
DA:275,0
DA:279,0
DA:280,0
DA:282,0
DA:283,0
DA:285,0
DA:288,0
DA:289,0
DA:293,1
DA:294,0
DA:295,0
DA:296,0
DA:297,0
DA:298,0
DA:300,0
DA:301,0
DA:305,1
DA:306,0
DA:307,0
DA:308,0
DA:312,0
DA:314,0
DA:315,0
DA:319,1
DA:320,0
DA:321,0
DA:327,0
DA:328,0
DA:330,0
DA:331,0
DA:335,1
DA:336,0
DA:337,0
LF:162
LH:70
BRDA:14,0,0,1
BRDA:14,0,1,1
BRDA:18,1,0,1
BRDA:18,1,1,0
BRDA:23,2,0,0
BRDA:45,3,0,2
BRDA:47,4,0,1
BRDA:47,5,0,2
BRDA:47,5,1,2
BRDA:54,6,0,2
BRDA:57,7,0,0
BRDA:57,8,0,1
BRDA:57,8,1,1
BRDA:57,8,2,1
BRDA:84,9,0,1
BRDA:90,10,0,0
BRDA:96,11,0,1
BRDA:100,12,0,1
BRDA:120,13,0,1
BRDA:120,14,0,4
BRDA:120,14,1,1
BRDA:130,15,0,1
BRDA:132,16,0,1
BRDA:140,17,0,1
BRDA:140,17,1,0
BRDA:147,18,0,0
BRDA:147,18,1,0
BRDA:154,19,0,0
BRDA:163,20,0,1
BRDA:177,21,0,1
BRDA:177,21,1,3
BRDA:199,22,0,0
BRDA:225,23,0,0
BRDA:232,24,0,0
BRDA:266,25,0,0
BRDA:274,26,0,0
BRDA:335,27,0,0
BRF:37
BRH:23
end_of_record
